<?xml version="1.0" encoding="UTF-8"?>
<!-- Generated by org.testng.reporters.JUnitReportReporter -->
<testsuite hostname="RagaIswariya" failures="0" tests="2" name="testCasePackage.TestCases" time="21.173" errors="0" timestamp="2023-08-23T11:39:29 IST" skipped="0">
  <testcase classname="testCasePackage.TestCases" name="orderProduct" time="14.405"/>
  <testcase classname="testCasePackage.TestCases" name="orderProduct" time="6.768"/>
</testsuite> <!-- testCasePackage.TestCases -->
